<?xml version="1.0" encoding="UTF-8" ?>
<testsuite tests="9" failures="0" name="tests.ProjectTest" time="0.006" errors="0" skipped="0">
  <properties>
[...]
</properties>
  <testcase classname="tests.ProjectTest" name="tests.ProjectTest.testGetYSpeed" time="0.004"/>
  <testcase classname="tests.ProjectTest" name="tests.ProjectTest.testSetYSpeed" time="0.001"/>
  <testcase classname="tests.ProjectTest" name="tests.ProjectTest.testGetxSpeed" time="0.001"/>
  <testcase classname="tests.ProjectTest" name="tests.ProjectTest.testSetxSpeed" time="0"/>
  <testcase classname="tests.ProjectTest" name="tests.ProjectTest.testSetX" time="0"/>
  <testcase classname="tests.ProjectTest" name="tests.ProjectTest.testGetY" time="0"/>
  <testcase classname="tests.ProjectTest" name="tests.ProjectTest.testSetY" time="0"/>
  <testcase classname="tests.ProjectTest" name="tests.ProjectTest.testEquals" time="0"/>
  <testcase classname="tests.ProjectTest" name="tests.ProjectTest.testGetX" time="0"/>
</testsuite>